<?xml version="1.0" encoding="UTF-8"?>
<!-- Generated by org.testng.reporters.JUnitReportReporter -->
<testsuite hostname="Sanju" failures="0" tests="1" name="Module1_Login_Test.PBLoginTest" time="53.248" errors="0" timestamp="2023-04-29T20:52:47 IST" skipped="0">
  <testcase classname="Module1_Login_Test.PBLoginTest" name="verifyPN" time="53.248"/>
  <system-out/>
</testsuite> <!-- Module1_Login_Test.PBLoginTest -->
